current directory: /workspace/rails_app/ruby-dev-test-1/box/ruby/3.1.0/gems/msgpack-1.4.5/ext/msgpack
/usr/local/bin/ruby -I /usr/local/lib/ruby/3.1.0 -r ./siteconf20220317-1-e929tq.rb extconf.rb
checking for ruby/st.h... yes
checking for st.h... no
checking for rb_enc_interned_str() in ruby.h... yes
creating Makefile

current directory: /workspace/rails_app/ruby-dev-test-1/box/ruby/3.1.0/gems/msgpack-1.4.5/ext/msgpack
make DESTDIR\= clean

current directory: /workspace/rails_app/ruby-dev-test-1/box/ruby/3.1.0/gems/msgpack-1.4.5/ext/msgpack
make DESTDIR\=
compiling buffer.c
compiling buffer_class.c
compiling extension_value_class.c
compiling factory_class.c
compiling packer.c
compiling packer_class.c
compiling packer_ext_registry.c
compiling rbinit.c
compiling rmem.c
compiling unpacker.c
compiling unpacker_class.c
compiling unpacker_ext_registry.c
linking shared-object msgpack/msgpack.so

current directory: /workspace/rails_app/ruby-dev-test-1/box/ruby/3.1.0/gems/msgpack-1.4.5/ext/msgpack
make DESTDIR\= install
/usr/bin/install -c -m 0755 msgpack.so ./.gem.20220317-1-eq2r0i/msgpack
